<?xml version="1.0" encoding="UTF-8"?>
<robot generator="Robot 3.2.2 (Python 3.9.2 on win32)" generated="20210316 19:02:11.592" rpa="false">
<suite id="s1" name="SC1" source="C:\Users\david\PycharmProjects\SampleTest\TestCase\SC1.robot">
<test id="s1-t1" name="verify the Sample TC">
<status status="FAIL" starttime="20210316 19:02:12.605" endtime="20210316 19:02:12.607" critical="yes">Test case contains no keywords.</status>
</test>
<test id="s1-t2" name=" open browser">
<kw name="https://www.google.com">
<arguments>
<arg>chrome</arg>
</arguments>
<msg timestamp="20210316 19:02:12.629" level="FAIL">No keyword with name 'https://www.google.com' found.</msg>
<status status="FAIL" starttime="20210316 19:02:12.629" endtime="20210316 19:02:12.630"></status>
</kw>
<status status="FAIL" starttime="20210316 19:02:12.610" endtime="20210316 19:02:12.631" critical="yes">No keyword with name 'https://www.google.com' found.</status>
</test>
<test id="s1-t3" name=" maximize browser window">
<status status="FAIL" starttime="20210316 19:02:12.634" endtime="20210316 19:02:12.636" critical="yes">Test case contains no keywords.</status>
</test>
<test id="s1-t4" name=" close browser">
<status status="FAIL" starttime="20210316 19:02:12.639" endtime="20210316 19:02:12.641" critical="yes">Test case contains no keywords.</status>
</test>
<status status="FAIL" starttime="20210316 19:02:11.601" endtime="20210316 19:02:12.648"></status>
</suite>
<statistics>
<total>
<stat pass="0" fail="4">Critical Tests</stat>
<stat pass="0" fail="4">All Tests</stat>
</total>
<tag>
</tag>
<suite>
<stat pass="0" fail="4" id="s1" name="SC1">SC1</stat>
</suite>
</statistics>
<errors>
</errors>
</robot>
