<?xml version="1.0" encoding="UTF-8"?>
<robot generator="Robot 3.2.2 (Python 3.9.2 on win32)" generated="20210316 21:18:38.672" rpa="false">
<suite id="s1" name="SC1" source="C:\Users\david\PycharmProjects\SampleTest\TestCase\SC1.robot">
<test id="s1-t1" name="verify the Sample TC">
<kw name="Open Browser" library="SeleniumLibrary">
<doc>Opens a new browser instance to the given ``url``.</doc>
<arguments>
<arg>${url}</arg>
<arg>${browser}</arg>
</arguments>
<msg timestamp="20210316 21:18:39.582" level="INFO">Opening browser 'chrome' to base url 'https://www.amazon.com'.</msg>
<status status="PASS" starttime="20210316 21:18:39.581" endtime="20210316 21:18:50.603"></status>
</kw>
<status status="PASS" starttime="20210316 21:18:39.579" endtime="20210316 21:18:50.604" critical="yes"></status>
</test>
<status status="PASS" starttime="20210316 21:18:38.681" endtime="20210316 21:18:50.609"></status>
</suite>
<statistics>
<total>
<stat pass="1" fail="0">Critical Tests</stat>
<stat pass="1" fail="0">All Tests</stat>
</total>
<tag>
</tag>
<suite>
<stat pass="1" fail="0" id="s1" name="SC1">SC1</stat>
</suite>
</statistics>
<errors>
</errors>
</robot>
