<?xml version="1.0" encoding="UTF-8"?>
<robot generator="Robot 3.2.2 (Python 3.9.2 on win32)" generated="20210316 19:11:19.415" rpa="false">
<suite id="s1" name="SC1" source="C:\Users\david\PycharmProjects\SampleTest\TestCase\SC1.robot">
<test id="s1-t1" name="verify the Sample TC">
<status status="FAIL" starttime="20210316 19:11:20.521" endtime="20210316 19:11:20.523" critical="yes">Test case contains no keywords.</status>
</test>
<test id="s1-t2" name="open browser">
<kw>
<assign>
<var>${url}</var>
<var>${browser}</var>
</assign>
<msg timestamp="20210316 19:11:20.528" level="FAIL">Keyword name cannot be empty.</msg>
<status status="FAIL" starttime="20210316 19:11:20.528" endtime="20210316 19:11:20.529"></status>
</kw>
<status status="FAIL" starttime="20210316 19:11:20.526" endtime="20210316 19:11:20.530" critical="yes">Keyword name cannot be empty.</status>
</test>
<status status="FAIL" starttime="20210316 19:11:19.425" endtime="20210316 19:11:20.534"></status>
</suite>
<statistics>
<total>
<stat pass="0" fail="2">Critical Tests</stat>
<stat pass="0" fail="2">All Tests</stat>
</total>
<tag>
</tag>
<suite>
<stat pass="0" fail="2" id="s1" name="SC1">SC1</stat>
</suite>
</statistics>
<errors>
</errors>
</robot>
