<?xml version="1.0" encoding="UTF-8"?>
<robot generator="Robot 3.2.2 (Python 3.9.2 on win32)" generated="20210316 19:02:52.562" rpa="false">
<suite id="s1" name="SC1" source="C:\Users\david\PycharmProjects\SampleTest\TestCase\SC1.robot">
<test id="s1-t1" name="verify the Sample TC">
<status status="FAIL" starttime="20210316 19:02:54.064" endtime="20210316 19:02:54.066" critical="yes">Test case contains no keywords.</status>
</test>
<test id="s1-t2" name=" open browser">
<kw name="https://www.google.com">
<arguments>
<arg>chrome</arg>
</arguments>
<msg timestamp="20210316 19:02:54.085" level="FAIL">No keyword with name 'https://www.google.com' found.</msg>
<status status="FAIL" starttime="20210316 19:02:54.085" endtime="20210316 19:02:54.086"></status>
</kw>
<status status="FAIL" starttime="20210316 19:02:54.069" endtime="20210316 19:02:54.087" critical="yes">No keyword with name 'https://www.google.com' found.</status>
</test>
<test id="s1-t3" name=" maximize browser window">
<status status="FAIL" starttime="20210316 19:02:54.090" endtime="20210316 19:02:54.092" critical="yes">Test case contains no keywords.</status>
</test>
<test id="s1-t4" name=" close browser">
<status status="FAIL" starttime="20210316 19:02:54.096" endtime="20210316 19:02:54.097" critical="yes">Test case contains no keywords.</status>
</test>
<status status="FAIL" starttime="20210316 19:02:52.570" endtime="20210316 19:02:54.101"></status>
</suite>
<statistics>
<total>
<stat pass="0" fail="4">Critical Tests</stat>
<stat pass="0" fail="4">All Tests</stat>
</total>
<tag>
</tag>
<suite>
<stat pass="0" fail="4" id="s1" name="SC1">SC1</stat>
</suite>
</statistics>
<errors>
</errors>
</robot>
